WARN : 11:06:2013 11:56:20,528 grails.plugin.webxml.WebxmlGrailsPlugin: Did not find application config file: WebXmlConfig
INFO : 11:06:2013 11:56:22,110 _Events: Dynamically adjusting web.xml in /scripts/_Events.groovy
INFO : 11:06:2013 11:56:22,128 _Events: Adding security filter (de.ddb.next.filter.SecurityFilter) to web.xml
INFO : 11:06:2013 11:56:22,154 _Events: Adding Loadbalancer response header filter (de.ddb.next.filter.LBHeaderFilter) to web.xml
INFO : 11:06:2013 11:56:22,182 _Events: Adding session listener (de.ddb.next.listener.SessionListener) to web.xml
INFO : 11:06:2013 11:56:22,197 _Events: Adding mime-mapping (woff -> application/x-font-woff) to web.xml
WARN : 11:06:2013 11:56:23,157 grails.plugin.webxml.WebxmlGrailsPlugin: Did not find application config file: WebXmlConfig
WARN : 11:06:2013 11:56:34,417 org.codehaus.groovy.grails.web.servlet.DefaultGrailsApplicationAttributes: ApplicationContext not found in org.codehaus.groovy.grails.APPLICATION_CONTEXT attribute of servlet context.
WARN : 11:06:2013 11:56:36,572 org.grails.plugin.resource.module.ModuleDeclarationsFactory: 'grails.resources.modules' in config does not define any modules
INFO : 11:06:2013 11:56:41,905 CacheHeadersGrailsPlugin: Caching enabled in Config: true
WARN : 12:06:2013 17:19:13,157 grails.plugin.webxml.WebxmlGrailsPlugin: Did not find application config file: WebXmlConfig
INFO : 12:06:2013 17:19:14,571 _Events: Dynamically adjusting web.xml in /scripts/_Events.groovy
INFO : 12:06:2013 17:19:14,587 _Events: Adding security filter (de.ddb.next.filter.SecurityFilter) to web.xml
INFO : 12:06:2013 17:19:14,614 _Events: Adding Loadbalancer response header filter (de.ddb.next.filter.LBHeaderFilter) to web.xml
INFO : 12:06:2013 17:19:14,641 _Events: Adding session listener (de.ddb.next.listener.SessionListener) to web.xml
INFO : 12:06:2013 17:19:14,658 _Events: Adding mime-mapping (woff -> application/x-font-woff) to web.xml
WARN : 12:06:2013 17:19:15,509 grails.plugin.webxml.WebxmlGrailsPlugin: Did not find application config file: WebXmlConfig
WARN : 12:06:2013 17:19:33,613 org.codehaus.groovy.grails.web.servlet.DefaultGrailsApplicationAttributes: ApplicationContext not found in org.codehaus.groovy.grails.APPLICATION_CONTEXT attribute of servlet context.
WARN : 12:06:2013 17:19:36,477 org.grails.plugin.resource.module.ModuleDeclarationsFactory: 'grails.resources.modules' in config does not define any modules
INFO : 12:06:2013 17:19:45,597 CacheHeadersGrailsPlugin: Caching enabled in Config: true
ERROR: 12:06:2013 17:21:30,858 de.ddb.next.ApiConsumer: requestText(): An Exception occured
java.net.URISyntaxException: Illegal character in scheme name at index 0: "http://static-p1.deutsche-digitale-bibliothek.de"
	at java.net.URI$Parser.fail(URI.java:2809)
	at java.net.URI$Parser.checkChars(URI.java:2982)
	at java.net.URI$Parser.checkChar(URI.java:2992)
	at java.net.URI$Parser.parse(URI.java:3008)
	at java.net.URI.<init>(URI.java:578)
	at groovyx.net.http.URIBuilder.convertToURI(URIBuilder.java:92)
	at groovyx.net.http.HTTPBuilder.<init>(HTTPBuilder.java:205)
	at de.ddb.next.ApiConsumer.requestServer(ApiConsumer.groovy:136)
	at de.ddb.next.ApiConsumer.getText(ApiConsumer.groovy:68)
	at de.ddb.next.IndexController.index(IndexController.groovy:41)
	at grails.plugin.cache.web.filter.PageFragmentCachingFilter.doFilter(PageFragmentCachingFilter.java:195)
	at grails.plugin.cache.web.filter.AbstractFilter.doFilter(AbstractFilter.java:63)
	at de.ddb.next.filter.LBHeaderFilter.doFilter(LBHeaderFilter.groovy:40)
	at de.ddb.next.filter.SecurityFilter.doFilter(SecurityFilter.groovy:62)
	at java.util.concurrent.ThreadPoolExecutor$Worker.runTask(ThreadPoolExecutor.java:886)
	at java.util.concurrent.ThreadPoolExecutor$Worker.run(ThreadPoolExecutor.java:908)
	at java.lang.Thread.run(Thread.java:662)
INFO : 12:06:2013 17:21:30,969 de.ddb.next.ApiConsumer: ApiResponse: HTTP_500 / 202ms / GET / text/plain / URL='"http://static-p1.deutsche-digitale-bibliothek.de"/static/de/homepage.xml[client:DDB-NEXT]' / Exception='Illegal character in scheme name at index 0: "http://static-p1.deutsche-digitale-bibliothek.de"'
ERROR: 12:06:2013 17:21:30,974 grails.app.controllers.de.ddb.next.IndexController: text: Text file was not found
ERROR: 12:06:2013 17:21:31,053 org.codehaus.groovy.grails.web.errors.GrailsExceptionResolver: URISyntaxException occurred when processing request: [GET] /ddb-next/
Illegal character in scheme name at index 0: "http://static-p1.deutsche-digitale-bibliothek.de". Stacktrace follows:
java.net.URISyntaxException: Illegal character in scheme name at index 0: "http://static-p1.deutsche-digitale-bibliothek.de"
	at java.net.URI$Parser.fail(URI.java:2809)
	at java.net.URI$Parser.checkChars(URI.java:2982)
	at java.net.URI$Parser.checkChar(URI.java:2992)
	at java.net.URI$Parser.parse(URI.java:3008)
	at java.net.URI.<init>(URI.java:578)
	at groovyx.net.http.URIBuilder.convertToURI(URIBuilder.java:92)
	at groovyx.net.http.HTTPBuilder.<init>(HTTPBuilder.java:205)
	at de.ddb.next.ApiConsumer.requestServer(ApiConsumer.groovy:136)
	at de.ddb.next.ApiConsumer.getText(ApiConsumer.groovy:68)
	at de.ddb.next.IndexController.index(IndexController.groovy:41)
	at grails.plugin.cache.web.filter.PageFragmentCachingFilter.doFilter(PageFragmentCachingFilter.java:195)
	at grails.plugin.cache.web.filter.AbstractFilter.doFilter(AbstractFilter.java:63)
	at de.ddb.next.filter.LBHeaderFilter.doFilter(LBHeaderFilter.groovy:40)
	at de.ddb.next.filter.SecurityFilter.doFilter(SecurityFilter.groovy:62)
	at java.util.concurrent.ThreadPoolExecutor$Worker.runTask(ThreadPoolExecutor.java:886)
	at java.util.concurrent.ThreadPoolExecutor$Worker.run(ThreadPoolExecutor.java:908)
	at java.lang.Thread.run(Thread.java:662)
ERROR: 12:06:2013 17:21:31,067 grails.app.controllers.de.ddb.next.ErrorController: uncaughtException(): An uncaught exception occured in the frontend.
ERROR: 12:06:2013 17:21:31,119 grails.app.controllers.de.ddb.next.ErrorController: serverError(): The user will be redirected to the 500 page.
ERROR: 12:06:2013 17:21:31,164 grails.app.controllers.de.ddb.next.ErrorController: serverError(): Source of the error is: 'Illegal character in scheme name at index 0: "http://static-p1.deutsche-digitale-bibliothek.de"'
ERROR: 12:06:2013 17:21:31,189 grails.app.controllers.de.ddb.next.ErrorController: Stack: org.codehaus.groovy.grails.web.errors.GrailsExceptionResolver.setStatus [103]
ERROR: 12:06:2013 17:21:31,196 grails.app.controllers.de.ddb.next.ErrorController: Stack: org.codehaus.groovy.grails.web.errors.GrailsExceptionResolver.resolveException [82]
ERROR: 12:06:2013 17:21:31,198 grails.app.controllers.de.ddb.next.ErrorController: Stack: org.springframework.web.servlet.DispatcherServlet.processHandlerException [1120]
ERROR: 12:06:2013 17:21:31,199 grails.app.controllers.de.ddb.next.ErrorController: Stack: org.codehaus.groovy.grails.web.servlet.GrailsDispatcherServlet.doDispatch [359]
ERROR: 12:06:2013 17:21:31,200 grails.app.controllers.de.ddb.next.ErrorController: Stack: org.springframework.web.servlet.DispatcherServlet.doService [852]
ERROR: 12:06:2013 17:21:31,201 grails.app.controllers.de.ddb.next.ErrorController: Stack: org.springframework.web.servlet.FrameworkServlet.processRequest [882]
ERROR: 12:06:2013 17:21:31,202 grails.app.controllers.de.ddb.next.ErrorController: Stack: org.springframework.web.servlet.FrameworkServlet.doGet [778]
ERROR: 12:06:2013 17:21:31,203 grails.app.controllers.de.ddb.next.ErrorController: Stack: javax.servlet.http.HttpServlet.service [621]
ERROR: 12:06:2013 17:21:31,205 grails.app.controllers.de.ddb.next.ErrorController: Stack: javax.servlet.http.HttpServlet.service [722]
ERROR: 12:06:2013 17:21:31,206 grails.app.controllers.de.ddb.next.ErrorController: Stack: org.apache.catalina.core.ApplicationFilterChain.internalDoFilter [305]
ERROR: 12:06:2013 17:21:31,208 grails.app.controllers.de.ddb.next.ErrorController: Stack: org.apache.catalina.core.ApplicationFilterChain.doFilter [210]
ERROR: 12:06:2013 17:21:31,210 grails.app.controllers.de.ddb.next.ErrorController: Stack: grails.plugin.cache.web.filter.PageFragmentCachingFilter.doFilter [195]
ERROR: 12:06:2013 17:21:31,211 grails.app.controllers.de.ddb.next.ErrorController: Stack: grails.plugin.cache.web.filter.simple.MemoryPageFragmentCachingFilter.doFilter [-1]
ERROR: 12:06:2013 17:21:31,212 grails.app.controllers.de.ddb.next.ErrorController: Stack: grails.plugin.cache.web.filter.AbstractFilter.doFilter [63]
ERROR: 12:06:2013 17:21:31,219 grails.app.controllers.de.ddb.next.ErrorController: Stack: org.springframework.web.filter.DelegatingFilterProxy.invokeDelegate [346]
ERROR: 12:06:2013 17:21:31,221 grails.app.controllers.de.ddb.next.ErrorController: Stack: org.springframework.web.filter.DelegatingFilterProxy.doFilter [259]
ERROR: 12:06:2013 17:21:31,222 grails.app.controllers.de.ddb.next.ErrorController: Stack: org.apache.catalina.core.ApplicationFilterChain.internalDoFilter [243]
ERROR: 12:06:2013 17:21:31,224 grails.app.controllers.de.ddb.next.ErrorController: Stack: org.apache.catalina.core.ApplicationFilterChain.doFilter [210]
ERROR: 12:06:2013 17:21:31,228 grails.app.controllers.de.ddb.next.ErrorController: Stack: org.springframework.web.filter.OncePerRequestFilter.doFilter [70]
ERROR: 12:06:2013 17:21:31,237 grails.app.controllers.de.ddb.next.ErrorController: Stack: org.apache.catalina.core.ApplicationFilterChain.internalDoFilter [243]
ERROR: 12:06:2013 17:21:31,239 grails.app.controllers.de.ddb.next.ErrorController: Stack: org.apache.catalina.core.ApplicationFilterChain.doFilter [210]
ERROR: 12:06:2013 17:21:31,240 grails.app.controllers.de.ddb.next.ErrorController: Stack: org.springframework.web.filter.OncePerRequestFilter.doFilter [70]
ERROR: 12:06:2013 17:21:31,241 grails.app.controllers.de.ddb.next.ErrorController: Stack: org.apache.catalina.core.ApplicationFilterChain.internalDoFilter [243]
ERROR: 12:06:2013 17:21:31,243 grails.app.controllers.de.ddb.next.ErrorController: Stack: org.apache.catalina.core.ApplicationFilterChain.doFilter [210]
ERROR: 12:06:2013 17:21:31,245 grails.app.controllers.de.ddb.next.ErrorController: Stack: org.springframework.web.filter.OncePerRequestFilter.doFilter [70]
ERROR: 12:06:2013 17:21:31,245 grails.app.controllers.de.ddb.next.ErrorController: Stack: org.apache.catalina.core.ApplicationFilterChain.internalDoFilter [243]
ERROR: 12:06:2013 17:21:31,245 grails.app.controllers.de.ddb.next.ErrorController: Stack: org.apache.catalina.core.ApplicationFilterChain.doFilter [210]
ERROR: 12:06:2013 17:21:31,246 grails.app.controllers.de.ddb.next.ErrorController: Stack: org.apache.catalina.core.ApplicationDispatcher.invoke [749]
ERROR: 12:06:2013 17:21:31,246 grails.app.controllers.de.ddb.next.ErrorController: Stack: org.apache.catalina.core.ApplicationDispatcher.processRequest [487]
ERROR: 12:06:2013 17:21:31,246 grails.app.controllers.de.ddb.next.ErrorController: Stack: org.apache.catalina.core.ApplicationDispatcher.doForward [412]
ERROR: 12:06:2013 17:21:31,246 grails.app.controllers.de.ddb.next.ErrorController: Stack: org.apache.catalina.core.ApplicationDispatcher.forward [339]
ERROR: 12:06:2013 17:21:31,247 grails.app.controllers.de.ddb.next.ErrorController: Stack: org.codehaus.groovy.grails.web.util.WebUtils.forwardRequestForUrlMappingInfo [314]
ERROR: 12:06:2013 17:21:31,247 grails.app.controllers.de.ddb.next.ErrorController: Stack: org.codehaus.groovy.grails.web.util.WebUtils.forwardRequestForUrlMappingInfo [279]
ERROR: 12:06:2013 17:21:31,247 grails.app.controllers.de.ddb.next.ErrorController: Stack: org.codehaus.groovy.grails.web.util.WebUtils.forwardRequestForUrlMappingInfo [270]
ERROR: 12:06:2013 17:21:31,248 grails.app.controllers.de.ddb.next.ErrorController: Stack: org.codehaus.groovy.grails.web.mapping.filter.UrlMappingsFilter.doFilterInternal [221]
ERROR: 12:06:2013 17:21:31,248 grails.app.controllers.de.ddb.next.ErrorController: Stack: org.springframework.web.filter.OncePerRequestFilter.doFilter [76]
ERROR: 12:06:2013 17:21:31,248 grails.app.controllers.de.ddb.next.ErrorController: Stack: org.apache.catalina.core.ApplicationFilterChain.internalDoFilter [243]
ERROR: 12:06:2013 17:21:31,248 grails.app.controllers.de.ddb.next.ErrorController: Stack: org.apache.catalina.core.ApplicationFilterChain.doFilter [210]
ERROR: 12:06:2013 17:21:31,249 grails.app.controllers.de.ddb.next.ErrorController: Stack: org.codehaus.groovy.grails.web.sitemesh.GrailsPageFilter.obtainContent [200]
ERROR: 12:06:2013 17:21:31,249 grails.app.controllers.de.ddb.next.ErrorController: Stack: org.codehaus.groovy.grails.web.sitemesh.GrailsPageFilter.doFilter [151]
ERROR: 12:06:2013 17:21:31,249 grails.app.controllers.de.ddb.next.ErrorController: Stack: org.apache.catalina.core.ApplicationFilterChain.internalDoFilter [243]
ERROR: 12:06:2013 17:21:31,249 grails.app.controllers.de.ddb.next.ErrorController: Stack: org.apache.catalina.core.ApplicationFilterChain.doFilter [210]
ERROR: 12:06:2013 17:21:31,250 grails.app.controllers.de.ddb.next.ErrorController: Stack: javax.servlet.FilterChain$doFilter.call [-1]
ERROR: 12:06:2013 17:21:31,250 grails.app.controllers.de.ddb.next.ErrorController: Stack: org.codehaus.groovy.runtime.callsite.CallSiteArray.defaultCall [45]
ERROR: 12:06:2013 17:21:31,250 grails.app.controllers.de.ddb.next.ErrorController: Stack: org.codehaus.groovy.runtime.callsite.AbstractCallSite.call [108]
ERROR: 12:06:2013 17:21:31,250 grails.app.controllers.de.ddb.next.ErrorController: Stack: org.codehaus.groovy.runtime.callsite.AbstractCallSite.call [120]
ERROR: 12:06:2013 17:21:31,251 grails.app.controllers.de.ddb.next.ErrorController: Stack: org.grails.plugin.resource.DevModeSanityFilter.doFilter [44]
ERROR: 12:06:2013 17:21:31,251 grails.app.controllers.de.ddb.next.ErrorController: Stack: org.apache.catalina.core.ApplicationFilterChain.internalDoFilter [243]
ERROR: 12:06:2013 17:21:31,251 grails.app.controllers.de.ddb.next.ErrorController: Stack: org.apache.catalina.core.ApplicationFilterChain.doFilter [210]
ERROR: 12:06:2013 17:21:31,251 grails.app.controllers.de.ddb.next.ErrorController: Stack: org.codehaus.groovy.grails.web.servlet.mvc.GrailsWebRequestFilter.doFilterInternal [69]
ERROR: 12:06:2013 17:21:31,252 grails.app.controllers.de.ddb.next.ErrorController: Stack: org.springframework.web.filter.OncePerRequestFilter.doFilter [76]
ERROR: 12:06:2013 17:21:31,252 grails.app.controllers.de.ddb.next.ErrorController: Stack: org.apache.catalina.core.ApplicationFilterChain.internalDoFilter [243]
ERROR: 12:06:2013 17:21:31,252 grails.app.controllers.de.ddb.next.ErrorController: Stack: org.apache.catalina.core.ApplicationFilterChain.doFilter [210]
ERROR: 12:06:2013 17:21:31,254 grails.app.controllers.de.ddb.next.ErrorController: Stack: org.codehaus.groovy.grails.web.filters.HiddenHttpMethodFilter.doFilterInternal [66]
ERROR: 12:06:2013 17:21:31,254 grails.app.controllers.de.ddb.next.ErrorController: Stack: org.springframework.web.filter.OncePerRequestFilter.doFilter [76]
ERROR: 12:06:2013 17:21:31,254 grails.app.controllers.de.ddb.next.ErrorController: Stack: org.apache.catalina.core.ApplicationFilterChain.internalDoFilter [243]
ERROR: 12:06:2013 17:21:31,255 grails.app.controllers.de.ddb.next.ErrorController: Stack: org.apache.catalina.core.ApplicationFilterChain.doFilter [210]
ERROR: 12:06:2013 17:21:31,255 grails.app.controllers.de.ddb.next.ErrorController: Stack: javax.servlet.FilterChain$doFilter.call [-1]
ERROR: 12:06:2013 17:21:31,255 grails.app.controllers.de.ddb.next.ErrorController: Stack: org.codehaus.groovy.runtime.callsite.CallSiteArray.defaultCall [45]
ERROR: 12:06:2013 17:21:31,256 grails.app.controllers.de.ddb.next.ErrorController: Stack: org.codehaus.groovy.runtime.callsite.AbstractCallSite.call [108]
ERROR: 12:06:2013 17:21:31,256 grails.app.controllers.de.ddb.next.ErrorController: Stack: org.codehaus.groovy.runtime.callsite.AbstractCallSite.call [120]
ERROR: 12:06:2013 17:21:31,256 grails.app.controllers.de.ddb.next.ErrorController: Stack: de.ddb.next.filter.LBHeaderFilter.doFilter [40]
ERROR: 12:06:2013 17:21:31,257 grails.app.controllers.de.ddb.next.ErrorController: Stack: org.apache.catalina.core.ApplicationFilterChain.internalDoFilter [243]
ERROR: 12:06:2013 17:21:31,257 grails.app.controllers.de.ddb.next.ErrorController: Stack: org.apache.catalina.core.ApplicationFilterChain.doFilter [210]
ERROR: 12:06:2013 17:21:31,258 grails.app.controllers.de.ddb.next.ErrorController: Stack: javax.servlet.FilterChain$doFilter.call [-1]
ERROR: 12:06:2013 17:21:31,258 grails.app.controllers.de.ddb.next.ErrorController: Stack: org.codehaus.groovy.runtime.callsite.CallSiteArray.defaultCall [45]
ERROR: 12:06:2013 17:21:31,258 grails.app.controllers.de.ddb.next.ErrorController: Stack: org.codehaus.groovy.runtime.callsite.AbstractCallSite.call [108]
ERROR: 12:06:2013 17:21:31,259 grails.app.controllers.de.ddb.next.ErrorController: Stack: org.codehaus.groovy.runtime.callsite.AbstractCallSite.call [120]
ERROR: 12:06:2013 17:21:31,259 grails.app.controllers.de.ddb.next.ErrorController: Stack: de.ddb.next.filter.SecurityFilter.doFilter [62]
ERROR: 12:06:2013 17:21:31,260 grails.app.controllers.de.ddb.next.ErrorController: Stack: org.apache.catalina.core.ApplicationFilterChain.internalDoFilter [243]
ERROR: 12:06:2013 17:21:31,260 grails.app.controllers.de.ddb.next.ErrorController: Stack: org.apache.catalina.core.ApplicationFilterChain.doFilter [210]
ERROR: 12:06:2013 17:21:31,260 grails.app.controllers.de.ddb.next.ErrorController: Stack: org.springframework.web.filter.CharacterEncodingFilter.doFilterInternal [88]
ERROR: 12:06:2013 17:21:31,261 grails.app.controllers.de.ddb.next.ErrorController: Stack: org.springframework.web.filter.OncePerRequestFilter.doFilter [76]
ERROR: 12:06:2013 17:21:31,261 grails.app.controllers.de.ddb.next.ErrorController: Stack: org.springframework.web.filter.DelegatingFilterProxy.invokeDelegate [346]
ERROR: 12:06:2013 17:21:31,261 grails.app.controllers.de.ddb.next.ErrorController: Stack: org.springframework.web.filter.DelegatingFilterProxy.doFilter [259]
ERROR: 12:06:2013 17:21:31,262 grails.app.controllers.de.ddb.next.ErrorController: Stack: org.apache.catalina.core.ApplicationFilterChain.internalDoFilter [243]
ERROR: 12:06:2013 17:21:31,262 grails.app.controllers.de.ddb.next.ErrorController: Stack: org.apache.catalina.core.ApplicationFilterChain.doFilter [210]
ERROR: 12:06:2013 17:21:31,263 grails.app.controllers.de.ddb.next.ErrorController: Stack: org.apache.catalina.core.StandardWrapperValve.invoke [222]
ERROR: 12:06:2013 17:21:31,263 grails.app.controllers.de.ddb.next.ErrorController: Stack: org.apache.catalina.core.StandardContextValve.invoke [123]
ERROR: 12:06:2013 17:21:31,263 grails.app.controllers.de.ddb.next.ErrorController: Stack: org.apache.catalina.core.StandardHostValve.invoke [168]
ERROR: 12:06:2013 17:21:31,264 grails.app.controllers.de.ddb.next.ErrorController: Stack: org.apache.catalina.valves.ErrorReportValve.invoke [99]
ERROR: 12:06:2013 17:21:31,264 grails.app.controllers.de.ddb.next.ErrorController: Stack: org.apache.catalina.core.StandardEngineValve.invoke [118]
ERROR: 12:06:2013 17:21:31,280 grails.app.controllers.de.ddb.next.ErrorController: Stack: org.apache.catalina.connector.CoyoteAdapter.service [407]
ERROR: 12:06:2013 17:21:31,283 grails.app.controllers.de.ddb.next.ErrorController: Stack: org.apache.coyote.http11.AbstractHttp11Processor.process [1002]
ERROR: 12:06:2013 17:21:31,289 grails.app.controllers.de.ddb.next.ErrorController: Stack: org.apache.coyote.AbstractProtocol$AbstractConnectionHandler.process [585]
ERROR: 12:06:2013 17:21:31,290 grails.app.controllers.de.ddb.next.ErrorController: Stack: org.apache.tomcat.util.net.JIoEndpoint$SocketProcessor.run [312]
ERROR: 12:06:2013 17:21:31,291 grails.app.controllers.de.ddb.next.ErrorController: Stack: java.util.concurrent.ThreadPoolExecutor$Worker.runTask [886]
ERROR: 12:06:2013 17:21:31,292 grails.app.controllers.de.ddb.next.ErrorController: Stack: java.util.concurrent.ThreadPoolExecutor$Worker.run [908]
ERROR: 12:06:2013 17:21:31,293 grails.app.controllers.de.ddb.next.ErrorController: Stack: java.lang.Thread.run [662]
ERROR: 12:06:2013 17:21:31,346 grails.app.controllers.de.ddb.next.ErrorController: serverError(): Return view '500_development'
ERROR: 12:06:2013 17:21:39,544 de.ddb.next.ApiConsumer: requestText(): An Exception occured
java.net.URISyntaxException: Illegal character in scheme name at index 0: "http://backend-p2.deutsche-digitale-bibliothek.de:9998"
	at java.net.URI$Parser.fail(URI.java:2809)
	at java.net.URI$Parser.checkChars(URI.java:2982)
	at java.net.URI$Parser.checkChar(URI.java:2992)
	at java.net.URI$Parser.parse(URI.java:3008)
	at java.net.URI.<init>(URI.java:578)
	at groovyx.net.http.URIBuilder.convertToURI(URIBuilder.java:92)
	at groovyx.net.http.HTTPBuilder.<init>(HTTPBuilder.java:205)
	at de.ddb.next.ApiConsumer.requestServer(ApiConsumer.groovy:136)
	at de.ddb.next.ApiConsumer.getText(ApiConsumer.groovy:68)
	at de.ddb.next.BackendVersionTagLib$_closure1.doCall(BackendVersionTagLib.groovy:24)
	at home_bk_Projekte_eclipse_ddb_next_grails_app_views__footer_gsp.run(_footer.gsp:27)
	at home_bk_Projekte_eclipse_ddb_next_grails_app_views_layouts_main_gsp$_run_closure2.doCall(main.gsp:32)
	at home_bk_Projekte_eclipse_ddb_next_grails_app_views_layouts_main_gsp.run(main.gsp:38)
	at de.ddb.next.filter.LBHeaderFilter.doFilter(LBHeaderFilter.groovy:40)
	at de.ddb.next.filter.SecurityFilter.doFilter(SecurityFilter.groovy:62)
	at java.util.concurrent.ThreadPoolExecutor$Worker.runTask(ThreadPoolExecutor.java:886)
	at java.util.concurrent.ThreadPoolExecutor$Worker.run(ThreadPoolExecutor.java:908)
	at java.lang.Thread.run(Thread.java:662)
INFO : 12:06:2013 17:21:39,545 de.ddb.next.ApiConsumer: ApiResponse: HTTP_500 / 5ms / GET / text/plain / URL='"http://backend-p2.deutsche-digitale-bibliothek.de:9998"/version[client:DDB-NEXT]' / Exception='Illegal character in scheme name at index 0: "http://backend-p2.deutsche-digitale-bibliothek.de:9998"'
ERROR: 12:06:2013 17:21:39,546 grails.app.taglib.de.ddb.next.BackendVersionTagLib: Text: text file was not found
ERROR: 12:06:2013 17:21:39,563 grails.app.utils.de.ddb.next.filter.SecurityFilter: doFilter(): Critical exception occured in filter
org.codehaus.groovy.grails.web.pages.exceptions.GroovyPagesException: Error applying layout : main
	at de.ddb.next.filter.LBHeaderFilter.doFilter(LBHeaderFilter.groovy:40)
	at de.ddb.next.filter.SecurityFilter.doFilter(SecurityFilter.groovy:62)
	at java.util.concurrent.ThreadPoolExecutor$Worker.runTask(ThreadPoolExecutor.java:886)
	at java.util.concurrent.ThreadPoolExecutor$Worker.run(ThreadPoolExecutor.java:908)
	at java.lang.Thread.run(Thread.java:662)
Caused by: org.codehaus.groovy.grails.web.pages.exceptions.GroovyPagesException: Error processing GroovyPageView: Error executing tag <g:render>: Error executing tag <g:backendVersion>: java.net.URISyntaxException: Illegal character in scheme name at index 0: "http://backend-p2.deutsche-digitale-bibliothek.de:9998"
	... 5 more
Caused by: org.codehaus.groovy.grails.web.taglib.exceptions.GrailsTagException: Error executing tag <g:render>: Error executing tag <g:backendVersion>: java.net.URISyntaxException: Illegal character in scheme name at index 0: "http://backend-p2.deutsche-digitale-bibliothek.de:9998"
	at home_bk_Projekte_eclipse_ddb_next_grails_app_views_layouts_main_gsp$_run_closure2.doCall(main.gsp:32)
	at home_bk_Projekte_eclipse_ddb_next_grails_app_views_layouts_main_gsp.run(main.gsp:38)
	... 5 more
Caused by: org.codehaus.groovy.grails.web.taglib.exceptions.GrailsTagException: Error executing tag <g:backendVersion>: java.net.URISyntaxException: Illegal character in scheme name at index 0: "http://backend-p2.deutsche-digitale-bibliothek.de:9998"
	at home_bk_Projekte_eclipse_ddb_next_grails_app_views__footer_gsp.run(_footer.gsp:27)
	... 7 more
Caused by: org.codehaus.groovy.runtime.InvokerInvocationException: java.net.URISyntaxException: Illegal character in scheme name at index 0: "http://backend-p2.deutsche-digitale-bibliothek.de:9998"
	... 8 more
Caused by: java.net.URISyntaxException: Illegal character in scheme name at index 0: "http://backend-p2.deutsche-digitale-bibliothek.de:9998"
	at java.net.URI$Parser.fail(URI.java:2809)
	at java.net.URI$Parser.checkChars(URI.java:2982)
	at java.net.URI$Parser.checkChar(URI.java:2992)
	at java.net.URI$Parser.parse(URI.java:3008)
	at java.net.URI.<init>(URI.java:578)
	at groovyx.net.http.URIBuilder.convertToURI(URIBuilder.java:92)
	at groovyx.net.http.HTTPBuilder.<init>(HTTPBuilder.java:205)
	at de.ddb.next.ApiConsumer.requestServer(ApiConsumer.groovy:136)
	at de.ddb.next.ApiConsumer.getText(ApiConsumer.groovy:68)
	at de.ddb.next.BackendVersionTagLib$_closure1.doCall(BackendVersionTagLib.groovy:24)
	... 8 more
ERROR: 12:06:2013 17:21:39,593 grails.app.controllers.de.ddb.next.ErrorController: notFound(): Return view '404_development'
ERROR: 12:06:2013 17:21:40,281 de.ddb.next.ApiConsumer: requestText(): An Exception occured
java.net.URISyntaxException: Illegal character in scheme name at index 0: "http://backend-p2.deutsche-digitale-bibliothek.de:9998"
	at java.net.URI$Parser.fail(URI.java:2809)
	at java.net.URI$Parser.checkChars(URI.java:2982)
	at java.net.URI$Parser.checkChar(URI.java:2992)
	at java.net.URI$Parser.parse(URI.java:3008)
	at java.net.URI.<init>(URI.java:578)
	at groovyx.net.http.URIBuilder.convertToURI(URIBuilder.java:92)
	at groovyx.net.http.HTTPBuilder.<init>(HTTPBuilder.java:205)
	at de.ddb.next.ApiConsumer.requestServer(ApiConsumer.groovy:136)
	at de.ddb.next.ApiConsumer.getText(ApiConsumer.groovy:68)
	at de.ddb.next.BackendVersionTagLib$_closure1.doCall(BackendVersionTagLib.groovy:24)
	at home_bk_Projekte_eclipse_ddb_next_grails_app_views__footer_gsp.run(_footer.gsp:27)
	at home_bk_Projekte_eclipse_ddb_next_grails_app_views_layouts_main_gsp$_run_closure2.doCall(main.gsp:32)
	at home_bk_Projekte_eclipse_ddb_next_grails_app_views_layouts_main_gsp.run(main.gsp:38)
	at java.util.concurrent.ThreadPoolExecutor$Worker.runTask(ThreadPoolExecutor.java:886)
	at java.util.concurrent.ThreadPoolExecutor$Worker.run(ThreadPoolExecutor.java:908)
	at java.lang.Thread.run(Thread.java:662)
INFO : 12:06:2013 17:21:40,286 de.ddb.next.ApiConsumer: ApiResponse: HTTP_500 / 8ms / GET / text/plain / URL='"http://backend-p2.deutsche-digitale-bibliothek.de:9998"/version[client:DDB-NEXT]' / Exception='Illegal character in scheme name at index 0: "http://backend-p2.deutsche-digitale-bibliothek.de:9998"'
ERROR: 12:06:2013 17:21:40,286 grails.app.taglib.de.ddb.next.BackendVersionTagLib: Text: text file was not found
ERROR: 12:06:2013 17:21:40,290 org.apache.catalina.core.ContainerBase.[Tomcat].[localhost].[/ddb-next].[grails-errorhandler]: Servlet.service() for servlet grails-errorhandler threw exception
org.codehaus.groovy.grails.web.pages.exceptions.GroovyPagesException: Error applying layout : main
	at org.codehaus.groovy.grails.web.sitemesh.SpringMVCViewDecorator.render(SpringMVCViewDecorator.java:74)
	at org.codehaus.groovy.grails.web.sitemesh.SpringMVCViewDecorator.render(SpringMVCViewDecorator.java:52)
	at org.codehaus.groovy.grails.web.sitemesh.GrailsPageFilter.doFilter(GrailsPageFilter.java:160)
	at org.apache.catalina.core.ApplicationFilterChain.internalDoFilter(ApplicationFilterChain.java:243)
	at org.apache.catalina.core.ApplicationFilterChain.doFilter(ApplicationFilterChain.java:210)
	at org.codehaus.groovy.grails.web.servlet.mvc.GrailsWebRequestFilter.doFilterInternal(GrailsWebRequestFilter.java:69)
	at org.springframework.web.filter.OncePerRequestFilter.doFilter(OncePerRequestFilter.java:76)
	at org.apache.catalina.core.ApplicationFilterChain.internalDoFilter(ApplicationFilterChain.java:243)
	at org.apache.catalina.core.ApplicationFilterChain.doFilter(ApplicationFilterChain.java:210)
	at org.apache.catalina.core.ApplicationDispatcher.invoke(ApplicationDispatcher.java:749)
	at org.apache.catalina.core.ApplicationDispatcher.processRequest(ApplicationDispatcher.java:489)
	at org.apache.catalina.core.ApplicationDispatcher.doForward(ApplicationDispatcher.java:412)
	at org.apache.catalina.core.ApplicationDispatcher.forward(ApplicationDispatcher.java:339)
	at org.apache.catalina.core.StandardHostValve.custom(StandardHostValve.java:456)
	at org.apache.catalina.core.StandardHostValve.status(StandardHostValve.java:327)
	at org.apache.catalina.core.StandardHostValve.invoke(StandardHostValve.java:193)
	at org.apache.catalina.valves.ErrorReportValve.invoke(ErrorReportValve.java:99)
	at org.apache.catalina.core.StandardEngineValve.invoke(StandardEngineValve.java:118)
	at org.apache.catalina.connector.CoyoteAdapter.service(CoyoteAdapter.java:407)
	at org.apache.coyote.http11.AbstractHttp11Processor.process(AbstractHttp11Processor.java:1002)
	at org.apache.coyote.AbstractProtocol$AbstractConnectionHandler.process(AbstractProtocol.java:585)
	at org.apache.tomcat.util.net.JIoEndpoint$SocketProcessor.run(JIoEndpoint.java:312)
	at java.util.concurrent.ThreadPoolExecutor$Worker.runTask(ThreadPoolExecutor.java:886)
	at java.util.concurrent.ThreadPoolExecutor$Worker.run(ThreadPoolExecutor.java:908)
	at java.lang.Thread.run(Thread.java:662)
Caused by: org.codehaus.groovy.grails.web.pages.exceptions.GroovyPagesException: Error processing GroovyPageView: Error executing tag <g:render>: Error executing tag <g:backendVersion>: java.net.URISyntaxException: Illegal character in scheme name at index 0: "http://backend-p2.deutsche-digitale-bibliothek.de:9998"
	at org.codehaus.groovy.grails.web.servlet.view.GroovyPageView.createGroovyPageException(GroovyPageView.java:205)
	at org.codehaus.groovy.grails.web.servlet.view.GroovyPageView.handleException(GroovyPageView.java:181)
	at org.codehaus.groovy.grails.web.servlet.view.GroovyPageView.renderWithTemplateEngine(GroovyPageView.java:152)
	at org.codehaus.groovy.grails.web.servlet.view.GroovyPageView.renderMergedOutputModel(GroovyPageView.java:83)
	at org.springframework.web.servlet.view.AbstractView.render(AbstractView.java:262)
	at org.codehaus.groovy.grails.web.sitemesh.SpringMVCViewDecorator.render(SpringMVCViewDecorator.java:67)
	... 24 more
Caused by: org.codehaus.groovy.grails.web.taglib.exceptions.GrailsTagException: Error executing tag <g:render>: Error executing tag <g:backendVersion>: java.net.URISyntaxException: Illegal character in scheme name at index 0: "http://backend-p2.deutsche-digitale-bibliothek.de:9998"
	at org.codehaus.groovy.grails.web.pages.GroovyPage.throwRootCause(GroovyPage.java:464)
	at org.codehaus.groovy.grails.web.pages.GroovyPage.invokeTag(GroovyPage.java:452)
	at sun.reflect.GeneratedMethodAccessor366.invoke(Unknown Source)
	at sun.reflect.DelegatingMethodAccessorImpl.invoke(DelegatingMethodAccessorImpl.java:25)
	at java.lang.reflect.Method.invoke(Method.java:597)
	at org.springsource.loaded.ri.ReflectiveInterceptor.jlrMethodInvoke(ReflectiveInterceptor.java:1243)
	at org.codehaus.groovy.reflection.CachedMethod.invoke(CachedMethod.java:90)
	at groovy.lang.MetaMethod.doMethodInvoke(MetaMethod.java:233)
	at groovy.lang.MetaClassImpl.invokeMethod(MetaClassImpl.java:1082)
	at groovy.lang.ExpandoMetaClass.invokeMethod(ExpandoMetaClass.java:1106)
	at groovy.lang.MetaClassImpl.invokeMethod(MetaClassImpl.java:906)
	at groovy.lang.MetaClassImpl.invokeMethod(MetaClassImpl.java:986)
	at groovy.lang.ExpandoMetaClass.invokeMethod(ExpandoMetaClass.java:1106)
	at groovy.lang.MetaClassImpl.invokeMethod(MetaClassImpl.java:906)
	at org.codehaus.groovy.runtime.callsite.PogoMetaClassSite.callCurrent(PogoMetaClassSite.java:66)
	at home_bk_Projekte_eclipse_ddb_next_grails_app_views_layouts_main_gsp$_run_closure2.doCall(main.gsp:32)
	at sun.reflect.NativeMethodAccessorImpl.invoke0(Native Method)
	at sun.reflect.NativeMethodAccessorImpl.invoke(NativeMethodAccessorImpl.java:39)
	at sun.reflect.DelegatingMethodAccessorImpl.invoke(DelegatingMethodAccessorImpl.java:25)
	at java.lang.reflect.Method.invoke(Method.java:597)
	at org.springsource.loaded.ri.ReflectiveInterceptor.jlrMethodInvoke(ReflectiveInterceptor.java:1243)
	at org.codehaus.groovy.reflection.CachedMethod.invoke(CachedMethod.java:90)
	at groovy.lang.MetaMethod.doMethodInvoke(MetaMethod.java:233)
	at groovy.lang.MetaClassImpl.invokeMethod(MetaClassImpl.java:1082)
	at groovy.lang.ExpandoMetaClass.invokeMethod(ExpandoMetaClass.java:1106)
	at groovy.lang.MetaClassImpl.invokeMethod(MetaClassImpl.java:906)
	at groovy.lang.Closure.call(Closure.java:412)
	at groovy.lang.Closure.call(Closure.java:406)
	at org.codehaus.groovy.grails.web.taglib.GroovyPageTagBody.executeClosure(GroovyPageTagBody.java:205)
	at org.codehaus.groovy.grails.web.taglib.GroovyPageTagBody.captureClosureOutput(GroovyPageTagBody.java:107)
	at org.codehaus.groovy.grails.web.taglib.GroovyPageTagBody.call(GroovyPageTagBody.java:218)
	at java_util_concurrent_Callable$call.call(Unknown Source)
	at org.codehaus.groovy.runtime.callsite.CallSiteArray.defaultCall(CallSiteArray.java:45)
	at java_util_concurrent_Callable$call.call(Unknown Source)
	at org.codehaus.groovy.grails.plugins.web.taglib.SitemeshTagLib.captureTagContent(SitemeshTagLib.groovy:41)
	at org.codehaus.groovy.grails.plugins.web.taglib.SitemeshTagLib.captureTagContent(SitemeshTagLib.groovy)
	at sun.reflect.NativeMethodAccessorImpl.invoke0(Native Method)
	at sun.reflect.NativeMethodAccessorImpl.invoke(NativeMethodAccessorImpl.java:39)
	at sun.reflect.DelegatingMethodAccessorImpl.invoke(DelegatingMethodAccessorImpl.java:25)
	at java.lang.reflect.Method.invoke(Method.java:597)
	at org.springsource.loaded.ri.ReflectiveInterceptor.jlrMethodInvoke(ReflectiveInterceptor.java:1243)
	at org.codehaus.groovy.reflection.CachedMethod.invoke(CachedMethod.java:90)
	at groovy.lang.MetaMethod.doMethodInvoke(MetaMethod.java:233)
	at groovy.lang.MetaClassImpl.invokeMethod(MetaClassImpl.java:1082)
	at groovy.lang.ExpandoMetaClass.invokeMethod(ExpandoMetaClass.java:1106)
	at groovy.lang.MetaClassImpl.invokeMethod(MetaClassImpl.java:906)
	at groovy.lang.MetaClassImpl.invokeMethod(MetaClassImpl.java:1027)
	at groovy.lang.ExpandoMetaClass.invokeMethod(ExpandoMetaClass.java:1106)
	at groovy.lang.MetaClassImpl.invokeMethod(MetaClassImpl.java:906)
	at org.codehaus.groovy.runtime.callsite.PogoMetaClassSite.callCurrent(PogoMetaClassSite.java:66)
	at org.codehaus.groovy.runtime.callsite.AbstractCallSite.callCurrent(AbstractCallSite.java:153)
	at org.codehaus.groovy.grails.plugins.web.taglib.SitemeshTagLib$_closure3.doCall(SitemeshTagLib.groovy:142)
	at sun.reflect.NativeMethodAccessorImpl.invoke0(Native Method)
	at sun.reflect.NativeMethodAccessorImpl.invoke(NativeMethodAccessorImpl.java:39)
	at sun.reflect.DelegatingMethodAccessorImpl.invoke(DelegatingMethodAccessorImpl.java:25)
	at java.lang.reflect.Method.invoke(Method.java:597)
	at org.springsource.loaded.ri.ReflectiveInterceptor.jlrMethodInvoke(ReflectiveInterceptor.java:1243)
	at org.codehaus.groovy.reflection.CachedMethod.invoke(CachedMethod.java:90)
	at groovy.lang.MetaMethod.doMethodInvoke(MetaMethod.java:233)
	at groovy.lang.MetaClassImpl.invokeMethod(MetaClassImpl.java:1082)
	at groovy.lang.ExpandoMetaClass.invokeMethod(ExpandoMetaClass.java:1106)
	at groovy.lang.MetaClassImpl.invokeMethod(MetaClassImpl.java:906)
	at groovy.lang.Closure.call(Closure.java:412)
	at org.codehaus.groovy.grails.web.pages.GroovyPage.invokeTag(GroovyPage.java:399)
	at org.codehaus.groovy.grails.web.pages.GroovyPage$invokeTag.callCurrent(Unknown Source)
	at home_bk_Projekte_eclipse_ddb_next_grails_app_views_layouts_main_gsp.run(main.gsp:38)
	at org.codehaus.groovy.grails.web.pages.GroovyPageWritable.writeTo(GroovyPageWritable.java:218)
	at org.codehaus.groovy.grails.web.servlet.view.GroovyPageView.renderWithTemplateEngine(GroovyPageView.java:148)
	... 27 more
Caused by: org.codehaus.groovy.grails.web.taglib.exceptions.GrailsTagException: Error executing tag <g:backendVersion>: java.net.URISyntaxException: Illegal character in scheme name at index 0: "http://backend-p2.deutsche-digitale-bibliothek.de:9998"
	at org.codehaus.groovy.grails.web.pages.GroovyPage.throwRootCause(GroovyPage.java:464)
	at org.codehaus.groovy.grails.web.pages.GroovyPage.invokeTag(GroovyPage.java:452)
	at org.codehaus.groovy.grails.web.pages.GroovyPage$invokeTag.callCurrent(Unknown Source)
	at home_bk_Projekte_eclipse_ddb_next_grails_app_views__footer_gsp.run(_footer.gsp:27)
	at org.codehaus.groovy.grails.web.pages.GroovyPageWritable.writeTo(GroovyPageWritable.java:218)
	at org.codehaus.groovy.grails.web.pages.GroovyPagesTemplateRenderer.makeTemplate(GroovyPagesTemplateRenderer.java:182)
	at org.codehaus.groovy.grails.web.pages.GroovyPagesTemplateRenderer.render(GroovyPagesTemplateRenderer.java:83)
	at org.codehaus.groovy.grails.web.pages.GroovyPagesTemplateRenderer$render.call(Unknown Source)
	at org.codehaus.groovy.grails.plugins.web.taglib.RenderTagLib$_closure10.doCall(RenderTagLib.groovy:580)
	at sun.reflect.NativeMethodAccessorImpl.invoke0(Native Method)
	at sun.reflect.NativeMethodAccessorImpl.invoke(NativeMethodAccessorImpl.java:39)
	at sun.reflect.DelegatingMethodAccessorImpl.invoke(DelegatingMethodAccessorImpl.java:25)
	at java.lang.reflect.Method.invoke(Method.java:597)
	at org.springsource.loaded.ri.ReflectiveInterceptor.jlrMethodInvoke(ReflectiveInterceptor.java:1243)
	at org.codehaus.groovy.reflection.CachedMethod.invoke(CachedMethod.java:90)
	at groovy.lang.MetaMethod.doMethodInvoke(MetaMethod.java:233)
	at groovy.lang.MetaClassImpl.invokeMethod(MetaClassImpl.java:1082)
	at groovy.lang.ExpandoMetaClass.invokeMethod(ExpandoMetaClass.java:1106)
	at groovy.lang.MetaClassImpl.invokeMethod(MetaClassImpl.java:906)
	at groovy.lang.Closure.call(Closure.java:412)
	at org.codehaus.groovy.grails.web.pages.GroovyPage.invokeTag(GroovyPage.java:399)
	... 93 more
Caused by: org.codehaus.groovy.runtime.InvokerInvocationException: java.net.URISyntaxException: Illegal character in scheme name at index 0: "http://backend-p2.deutsche-digitale-bibliothek.de:9998"
	at org.codehaus.groovy.reflection.CachedMethod.invoke(CachedMethod.java:97)
	at groovy.lang.MetaMethod.doMethodInvoke(MetaMethod.java:233)
	at groovy.lang.MetaClassImpl.invokeMethod(MetaClassImpl.java:1082)
	at groovy.lang.ExpandoMetaClass.invokeMethod(ExpandoMetaClass.java:1106)
	at groovy.lang.MetaClassImpl.invokeMethod(MetaClassImpl.java:906)
	at groovy.lang.Closure.call(Closure.java:412)
	at de.ddb.next.BackendVersionTagLib$_closure1.call(BackendVersionTagLib.groovy)
	at org.codehaus.groovy.grails.web.pages.GroovyPage.invokeTag(GroovyPage.java:399)
	... 112 more
Caused by: java.net.URISyntaxException: Illegal character in scheme name at index 0: "http://backend-p2.deutsche-digitale-bibliothek.de:9998"
	at java.net.URI$Parser.fail(URI.java:2809)
	at java.net.URI$Parser.checkChars(URI.java:2982)
	at java.net.URI$Parser.checkChar(URI.java:2992)
	at java.net.URI$Parser.parse(URI.java:3008)
	at java.net.URI.<init>(URI.java:578)
	at groovyx.net.http.URIBuilder.convertToURI(URIBuilder.java:92)
	at groovyx.net.http.HTTPBuilder.<init>(HTTPBuilder.java:205)
	at de.ddb.next.ApiConsumer.requestServer(ApiConsumer.groovy:136)
	at de.ddb.next.ApiConsumer.getText(ApiConsumer.groovy:68)
	at de.ddb.next.BackendVersionTagLib$_closure1.doCall(BackendVersionTagLib.groovy:24)
	at home_bk_Projekte_eclipse_ddb_next_grails_app_views__footer_gsp.run(_footer.gsp:27)
	at home_bk_Projekte_eclipse_ddb_next_grails_app_views_layouts_main_gsp$_run_closure2.doCall(main.gsp:32)
	at home_bk_Projekte_eclipse_ddb_next_grails_app_views_layouts_main_gsp.run(main.gsp:38)
	... 3 more
ERROR: 12:06:2013 17:21:40,319 org.apache.catalina.core.ContainerBase.[Tomcat].[localhost]: Exception Processing ErrorPage[errorCode=404, location=/grails-errorhandler]
org.codehaus.groovy.grails.web.pages.exceptions.GroovyPagesException: Error applying layout : main
	at org.codehaus.groovy.grails.web.sitemesh.SpringMVCViewDecorator.render(SpringMVCViewDecorator.java:74)
	at org.codehaus.groovy.grails.web.sitemesh.SpringMVCViewDecorator.render(SpringMVCViewDecorator.java:52)
	at org.codehaus.groovy.grails.web.sitemesh.GrailsPageFilter.doFilter(GrailsPageFilter.java:160)
	at org.apache.catalina.core.ApplicationFilterChain.internalDoFilter(ApplicationFilterChain.java:243)
	at org.apache.catalina.core.ApplicationFilterChain.doFilter(ApplicationFilterChain.java:210)
	at org.codehaus.groovy.grails.web.servlet.mvc.GrailsWebRequestFilter.doFilterInternal(GrailsWebRequestFilter.java:69)
	at org.springframework.web.filter.OncePerRequestFilter.doFilter(OncePerRequestFilter.java:76)
	at org.apache.catalina.core.ApplicationFilterChain.internalDoFilter(ApplicationFilterChain.java:243)
	at org.apache.catalina.core.ApplicationFilterChain.doFilter(ApplicationFilterChain.java:210)
	at org.apache.catalina.core.ApplicationDispatcher.invoke(ApplicationDispatcher.java:749)
	at org.apache.catalina.core.ApplicationDispatcher.processRequest(ApplicationDispatcher.java:489)
	at org.apache.catalina.core.ApplicationDispatcher.doForward(ApplicationDispatcher.java:412)
	at org.apache.catalina.core.ApplicationDispatcher.forward(ApplicationDispatcher.java:339)
	at org.apache.catalina.core.StandardHostValve.custom(StandardHostValve.java:456)
	at org.apache.catalina.core.StandardHostValve.status(StandardHostValve.java:327)
	at org.apache.catalina.core.StandardHostValve.invoke(StandardHostValve.java:193)
	at org.apache.catalina.valves.ErrorReportValve.invoke(ErrorReportValve.java:99)
	at org.apache.catalina.core.StandardEngineValve.invoke(StandardEngineValve.java:118)
	at org.apache.catalina.connector.CoyoteAdapter.service(CoyoteAdapter.java:407)
	at org.apache.coyote.http11.AbstractHttp11Processor.process(AbstractHttp11Processor.java:1002)
	at org.apache.coyote.AbstractProtocol$AbstractConnectionHandler.process(AbstractProtocol.java:585)
	at org.apache.tomcat.util.net.JIoEndpoint$SocketProcessor.run(JIoEndpoint.java:312)
	at java.util.concurrent.ThreadPoolExecutor$Worker.runTask(ThreadPoolExecutor.java:886)
	at java.util.concurrent.ThreadPoolExecutor$Worker.run(ThreadPoolExecutor.java:908)
	at java.lang.Thread.run(Thread.java:662)
Caused by: org.codehaus.groovy.grails.web.pages.exceptions.GroovyPagesException: Error processing GroovyPageView: Error executing tag <g:render>: Error executing tag <g:backendVersion>: java.net.URISyntaxException: Illegal character in scheme name at index 0: "http://backend-p2.deutsche-digitale-bibliothek.de:9998"
	at org.codehaus.groovy.grails.web.servlet.view.GroovyPageView.createGroovyPageException(GroovyPageView.java:205)
	at org.codehaus.groovy.grails.web.servlet.view.GroovyPageView.handleException(GroovyPageView.java:181)
	at org.codehaus.groovy.grails.web.servlet.view.GroovyPageView.renderWithTemplateEngine(GroovyPageView.java:152)
	at org.codehaus.groovy.grails.web.servlet.view.GroovyPageView.renderMergedOutputModel(GroovyPageView.java:83)
	at org.springframework.web.servlet.view.AbstractView.render(AbstractView.java:262)
	at org.codehaus.groovy.grails.web.sitemesh.SpringMVCViewDecorator.render(SpringMVCViewDecorator.java:67)
	... 24 more
Caused by: org.codehaus.groovy.grails.web.taglib.exceptions.GrailsTagException: Error executing tag <g:render>: Error executing tag <g:backendVersion>: java.net.URISyntaxException: Illegal character in scheme name at index 0: "http://backend-p2.deutsche-digitale-bibliothek.de:9998"
	at org.codehaus.groovy.grails.web.pages.GroovyPage.throwRootCause(GroovyPage.java:464)
	at org.codehaus.groovy.grails.web.pages.GroovyPage.invokeTag(GroovyPage.java:452)
	at sun.reflect.GeneratedMethodAccessor366.invoke(Unknown Source)
	at sun.reflect.DelegatingMethodAccessorImpl.invoke(DelegatingMethodAccessorImpl.java:25)
	at java.lang.reflect.Method.invoke(Method.java:597)
	at org.springsource.loaded.ri.ReflectiveInterceptor.jlrMethodInvoke(ReflectiveInterceptor.java:1243)
	at org.codehaus.groovy.reflection.CachedMethod.invoke(CachedMethod.java:90)
	at groovy.lang.MetaMethod.doMethodInvoke(MetaMethod.java:233)
	at groovy.lang.MetaClassImpl.invokeMethod(MetaClassImpl.java:1082)
	at groovy.lang.ExpandoMetaClass.invokeMethod(ExpandoMetaClass.java:1106)
	at groovy.lang.MetaClassImpl.invokeMethod(MetaClassImpl.java:906)
	at groovy.lang.MetaClassImpl.invokeMethod(MetaClassImpl.java:986)
	at groovy.lang.ExpandoMetaClass.invokeMethod(ExpandoMetaClass.java:1106)
	at groovy.lang.MetaClassImpl.invokeMethod(MetaClassImpl.java:906)
	at org.codehaus.groovy.runtime.callsite.PogoMetaClassSite.callCurrent(PogoMetaClassSite.java:66)
	at home_bk_Projekte_eclipse_ddb_next_grails_app_views_layouts_main_gsp$_run_closure2.doCall(main.gsp:32)
	at sun.reflect.NativeMethodAccessorImpl.invoke0(Native Method)
	at sun.reflect.NativeMethodAccessorImpl.invoke(NativeMethodAccessorImpl.java:39)
	at sun.reflect.DelegatingMethodAccessorImpl.invoke(DelegatingMethodAccessorImpl.java:25)
	at java.lang.reflect.Method.invoke(Method.java:597)
	at org.springsource.loaded.ri.ReflectiveInterceptor.jlrMethodInvoke(ReflectiveInterceptor.java:1243)
	at org.codehaus.groovy.reflection.CachedMethod.invoke(CachedMethod.java:90)
	at groovy.lang.MetaMethod.doMethodInvoke(MetaMethod.java:233)
	at groovy.lang.MetaClassImpl.invokeMethod(MetaClassImpl.java:1082)
	at groovy.lang.ExpandoMetaClass.invokeMethod(ExpandoMetaClass.java:1106)
	at groovy.lang.MetaClassImpl.invokeMethod(MetaClassImpl.java:906)
	at groovy.lang.Closure.call(Closure.java:412)
	at groovy.lang.Closure.call(Closure.java:406)
	at org.codehaus.groovy.grails.web.taglib.GroovyPageTagBody.executeClosure(GroovyPageTagBody.java:205)
	at org.codehaus.groovy.grails.web.taglib.GroovyPageTagBody.captureClosureOutput(GroovyPageTagBody.java:107)
	at org.codehaus.groovy.grails.web.taglib.GroovyPageTagBody.call(GroovyPageTagBody.java:218)
	at java_util_concurrent_Callable$call.call(Unknown Source)
	at org.codehaus.groovy.runtime.callsite.CallSiteArray.defaultCall(CallSiteArray.java:45)
	at java_util_concurrent_Callable$call.call(Unknown Source)
	at org.codehaus.groovy.grails.plugins.web.taglib.SitemeshTagLib.captureTagContent(SitemeshTagLib.groovy:41)
	at org.codehaus.groovy.grails.plugins.web.taglib.SitemeshTagLib.captureTagContent(SitemeshTagLib.groovy)
	at sun.reflect.NativeMethodAccessorImpl.invoke0(Native Method)
	at sun.reflect.NativeMethodAccessorImpl.invoke(NativeMethodAccessorImpl.java:39)
	at sun.reflect.DelegatingMethodAccessorImpl.invoke(DelegatingMethodAccessorImpl.java:25)
	at java.lang.reflect.Method.invoke(Method.java:597)
	at org.springsource.loaded.ri.ReflectiveInterceptor.jlrMethodInvoke(ReflectiveInterceptor.java:1243)
	at org.codehaus.groovy.reflection.CachedMethod.invoke(CachedMethod.java:90)
	at groovy.lang.MetaMethod.doMethodInvoke(MetaMethod.java:233)
	at groovy.lang.MetaClassImpl.invokeMethod(MetaClassImpl.java:1082)
	at groovy.lang.ExpandoMetaClass.invokeMethod(ExpandoMetaClass.java:1106)
	at groovy.lang.MetaClassImpl.invokeMethod(MetaClassImpl.java:906)
	at groovy.lang.MetaClassImpl.invokeMethod(MetaClassImpl.java:1027)
	at groovy.lang.ExpandoMetaClass.invokeMethod(ExpandoMetaClass.java:1106)
	at groovy.lang.MetaClassImpl.invokeMethod(MetaClassImpl.java:906)
	at org.codehaus.groovy.runtime.callsite.PogoMetaClassSite.callCurrent(PogoMetaClassSite.java:66)
	at org.codehaus.groovy.runtime.callsite.AbstractCallSite.callCurrent(AbstractCallSite.java:153)
	at org.codehaus.groovy.grails.plugins.web.taglib.SitemeshTagLib$_closure3.doCall(SitemeshTagLib.groovy:142)
	at sun.reflect.NativeMethodAccessorImpl.invoke0(Native Method)
	at sun.reflect.NativeMethodAccessorImpl.invoke(NativeMethodAccessorImpl.java:39)
	at sun.reflect.DelegatingMethodAccessorImpl.invoke(DelegatingMethodAccessorImpl.java:25)
	at java.lang.reflect.Method.invoke(Method.java:597)
	at org.springsource.loaded.ri.ReflectiveInterceptor.jlrMethodInvoke(ReflectiveInterceptor.java:1243)
	at org.codehaus.groovy.reflection.CachedMethod.invoke(CachedMethod.java:90)
	at groovy.lang.MetaMethod.doMethodInvoke(MetaMethod.java:233)
	at groovy.lang.MetaClassImpl.invokeMethod(MetaClassImpl.java:1082)
	at groovy.lang.ExpandoMetaClass.invokeMethod(ExpandoMetaClass.java:1106)
	at groovy.lang.MetaClassImpl.invokeMethod(MetaClassImpl.java:906)
	at groovy.lang.Closure.call(Closure.java:412)
	at org.codehaus.groovy.grails.web.pages.GroovyPage.invokeTag(GroovyPage.java:399)
	at org.codehaus.groovy.grails.web.pages.GroovyPage$invokeTag.callCurrent(Unknown Source)
	at home_bk_Projekte_eclipse_ddb_next_grails_app_views_layouts_main_gsp.run(main.gsp:38)
	at org.codehaus.groovy.grails.web.pages.GroovyPageWritable.writeTo(GroovyPageWritable.java:218)
	at org.codehaus.groovy.grails.web.servlet.view.GroovyPageView.renderWithTemplateEngine(GroovyPageView.java:148)
	... 27 more
Caused by: org.codehaus.groovy.grails.web.taglib.exceptions.GrailsTagException: Error executing tag <g:backendVersion>: java.net.URISyntaxException: Illegal character in scheme name at index 0: "http://backend-p2.deutsche-digitale-bibliothek.de:9998"
	at org.codehaus.groovy.grails.web.pages.GroovyPage.throwRootCause(GroovyPage.java:464)
	at org.codehaus.groovy.grails.web.pages.GroovyPage.invokeTag(GroovyPage.java:452)
	at org.codehaus.groovy.grails.web.pages.GroovyPage$invokeTag.callCurrent(Unknown Source)
	at home_bk_Projekte_eclipse_ddb_next_grails_app_views__footer_gsp.run(_footer.gsp:27)
	at org.codehaus.groovy.grails.web.pages.GroovyPageWritable.writeTo(GroovyPageWritable.java:218)
	at org.codehaus.groovy.grails.web.pages.GroovyPagesTemplateRenderer.makeTemplate(GroovyPagesTemplateRenderer.java:182)
	at org.codehaus.groovy.grails.web.pages.GroovyPagesTemplateRenderer.render(GroovyPagesTemplateRenderer.java:83)
	at org.codehaus.groovy.grails.web.pages.GroovyPagesTemplateRenderer$render.call(Unknown Source)
	at org.codehaus.groovy.grails.plugins.web.taglib.RenderTagLib$_closure10.doCall(RenderTagLib.groovy:580)
	at sun.reflect.NativeMethodAccessorImpl.invoke0(Native Method)
	at sun.reflect.NativeMethodAccessorImpl.invoke(NativeMethodAccessorImpl.java:39)
	at sun.reflect.DelegatingMethodAccessorImpl.invoke(DelegatingMethodAccessorImpl.java:25)
	at java.lang.reflect.Method.invoke(Method.java:597)
	at org.springsource.loaded.ri.ReflectiveInterceptor.jlrMethodInvoke(ReflectiveInterceptor.java:1243)
	at org.codehaus.groovy.reflection.CachedMethod.invoke(CachedMethod.java:90)
	at groovy.lang.MetaMethod.doMethodInvoke(MetaMethod.java:233)
	at groovy.lang.MetaClassImpl.invokeMethod(MetaClassImpl.java:1082)
	at groovy.lang.ExpandoMetaClass.invokeMethod(ExpandoMetaClass.java:1106)
	at groovy.lang.MetaClassImpl.invokeMethod(MetaClassImpl.java:906)
	at groovy.lang.Closure.call(Closure.java:412)
	at org.codehaus.groovy.grails.web.pages.GroovyPage.invokeTag(GroovyPage.java:399)
	... 93 more
Caused by: org.codehaus.groovy.runtime.InvokerInvocationException: java.net.URISyntaxException: Illegal character in scheme name at index 0: "http://backend-p2.deutsche-digitale-bibliothek.de:9998"
	at org.codehaus.groovy.reflection.CachedMethod.invoke(CachedMethod.java:97)
	at groovy.lang.MetaMethod.doMethodInvoke(MetaMethod.java:233)
	at groovy.lang.MetaClassImpl.invokeMethod(MetaClassImpl.java:1082)
	at groovy.lang.ExpandoMetaClass.invokeMethod(ExpandoMetaClass.java:1106)
	at groovy.lang.MetaClassImpl.invokeMethod(MetaClassImpl.java:906)
	at groovy.lang.Closure.call(Closure.java:412)
	at de.ddb.next.BackendVersionTagLib$_closure1.call(BackendVersionTagLib.groovy)
	at org.codehaus.groovy.grails.web.pages.GroovyPage.invokeTag(GroovyPage.java:399)
	... 112 more
Caused by: java.net.URISyntaxException: Illegal character in scheme name at index 0: "http://backend-p2.deutsche-digitale-bibliothek.de:9998"
	at java.net.URI$Parser.fail(URI.java:2809)
	at java.net.URI$Parser.checkChars(URI.java:2982)
	at java.net.URI$Parser.checkChar(URI.java:2992)
	at java.net.URI$Parser.parse(URI.java:3008)
	at java.net.URI.<init>(URI.java:578)
	at groovyx.net.http.URIBuilder.convertToURI(URIBuilder.java:92)
	at groovyx.net.http.HTTPBuilder.<init>(HTTPBuilder.java:205)
	at de.ddb.next.ApiConsumer.requestServer(ApiConsumer.groovy:136)
	at de.ddb.next.ApiConsumer.getText(ApiConsumer.groovy:68)
	at de.ddb.next.BackendVersionTagLib$_closure1.doCall(BackendVersionTagLib.groovy:24)
	at home_bk_Projekte_eclipse_ddb_next_grails_app_views__footer_gsp.run(_footer.gsp:27)
	at home_bk_Projekte_eclipse_ddb_next_grails_app_views_layouts_main_gsp$_run_closure2.doCall(main.gsp:32)
	at home_bk_Projekte_eclipse_ddb_next_grails_app_views_layouts_main_gsp.run(main.gsp:38)
	... 3 more
